5/19/2022 7:16:55 AM	[Information]	Search for new messages.
5/19/2022 7:17:51 AM	[Information]	Input File retrieved.
5/19/2022 8:09:07 AM	[Information]	Execution has been started.
5/19/2022 8:09:09 AM	[Information]	Search for new messages.
5/19/2022 8:09:09 AM	[Information]	Input File retrieved.
5/19/2022 8:09:18 AM	[Information]	Validate input file: Company_TimeTracker.xlsx
5/19/2022 8:11:42 AM	[Information]	Execution has been started.
5/19/2022 8:11:43 AM	[Information]	Search for new messages.
5/19/2022 8:11:44 AM	[Information]	Input File retrieved.
5/19/2022 8:11:53 AM	[Information]	Validate input file: Company_TimeTracker.xlsx
5/19/2022 8:16:15 AM	[Information]	Execution has been started.
5/19/2022 8:16:15 AM	[Information]	Search for new messages.
5/19/2022 8:16:15 AM	[Information]	Input File retrieved.
5/19/2022 8:16:25 AM	[Information]	Validate input file: Company_TimeTracker.xlsx
5/19/2022 8:23:26 AM	[Information]	Execution has been started.
5/19/2022 8:23:27 AM	[Information]	Search for new messages.
5/19/2022 8:23:27 AM	[Information]	Input File retrieved.
5/19/2022 8:23:33 AM	[Information]	Validate input file: Company_TimeTracker.xlsx
5/19/2022 8:25:34 AM	[Information]	Execution has been started.
5/19/2022 8:25:34 AM	[Information]	Search for new messages.
5/19/2022 8:25:34 AM	[Information]	Input File retrieved.
5/19/2022 8:25:34 AM	[Information]	Validate input file: Company_TimeTracker.xlsx
5/19/2022 8:25:35 AM	[Error]	Error while opening a file. Input file is invalid:- file is broken
                                        - file does not contain data after header (on all tabs)
                                        - file does not contain header (on all tabs)
                                        - all tabs are locked
                                        - file is password protected.
5/19/2022 8:25:49 AM	[Information]	Execution has been started.
5/19/2022 8:25:49 AM	[Information]	Search for new messages.
5/19/2022 8:25:49 AM	[Information]	Input File retrieved.
5/19/2022 8:25:49 AM	[Information]	Validate input file: Company_TimeTracker.xlsx
5/19/2022 8:25:50 AM	[Error]	Input file is invalid:- file is broken
                                        - file does not contain data after header (on all tabs)
                                        - file does not contain header (on all tabs)
                                        - all tabs are locked
                                        - file is password protected. Terminating the process.
5/19/2022 8:29:51 AM	[Information]	Execution has been started.
5/19/2022 8:29:51 AM	[Information]	Search for new messages.
5/19/2022 8:29:51 AM	[Information]	Input File retrieved.
5/19/2022 8:29:51 AM	[Information]	Validate input file: Company_TimeTracker.xlsx
5/19/2022 8:29:52 AM	[Error]	Input file is invalid:- file is broken
                                        - file does not contain data after header (on all tabs)
                                        - file does not contain header (on all tabs)
                                        - all tabs are locked
                                        - file is password protected. Terminating the process.
5/19/2022 8:30:26 AM	[Information]	Execution has been started.
5/19/2022 8:30:26 AM	[Information]	Search for new messages.
5/19/2022 8:30:26 AM	[Information]	Input File retrieved.
5/19/2022 8:30:26 AM	[Information]	Validate input file: Company_TimeTracker.xlsx
5/19/2022 8:30:27 AM	[Error]	Input file is invalid:- file is broken
                                        - file does not contain data after header (on all tabs)
                                        - file does not contain header (on all tabs)
                                        - all tabs are locked
                                        - file is password protected. Terminating the process.
5/19/2022 8:31:30 AM	[Information]	Execution has been started.
5/19/2022 8:31:30 AM	[Information]	Search for new messages.
5/19/2022 8:31:30 AM	[Information]	Input File retrieved.
5/19/2022 8:31:30 AM	[Information]	Validate input file: Company_TimeTracker.xlsx
5/19/2022 8:31:31 AM	[Error]	Input file is invalid:- file is broken
                                        - file does not contain data after header (on all tabs)
                                        - file does not contain header (on all tabs)
                                        - all tabs are locked
                                        - file is password protected. Terminating the process.
5/19/2022 8:31:46 AM	[Information]	Execution has been started.
5/19/2022 8:31:46 AM	[Information]	Search for new messages.
5/19/2022 8:31:46 AM	[Information]	Input File retrieved.
5/19/2022 8:31:46 AM	[Information]	Validate input file: Company_TimeTracker.xlsx
5/19/2022 8:31:46 AM	[Error]	Error while opening a file. Input file is invalid:- file is broken
                                        - file does not contain data after header (on all tabs)
                                        - file does not contain header (on all tabs)
                                        - all tabs are locked
                                        - file is password protected.
5/19/2022 8:32:49 AM	[Information]	Execution has been started.
5/19/2022 8:32:49 AM	[Information]	Search for new messages.
5/19/2022 8:32:49 AM	[Information]	Input File retrieved.
5/19/2022 8:32:49 AM	[Information]	Validate input file: Company_TimeTracker.xlsx
5/19/2022 8:32:50 AM	[Error]	Input file is invalid:- file is broken
                                        - file does not contain data after header (on all tabs)
                                        - file does not contain header (on all tabs)
                                        - all tabs are locked
                                        - file is password protected. Terminating the process.
5/19/2022 8:33:57 AM	[Information]	Execution has been started.
5/19/2022 8:33:57 AM	[Information]	Search for new messages.
5/19/2022 8:33:57 AM	[Information]	Input File retrieved.
5/19/2022 8:33:57 AM	[Information]	Validate input file: Company_TimeTracker.xlsx
5/19/2022 8:33:58 AM	[Error]	Input file is invalid:- file is broken
                                        - file does not contain data after header (on all tabs)
                                        - file does not contain header (on all tabs)
                                        - all tabs are locked
                                        - file is password protected. Terminating the process.
5/19/2022 8:37:43 AM	[Information]	Execution has been started.
5/19/2022 8:37:43 AM	[Information]	Search for new messages.
5/19/2022 8:37:43 AM	[Information]	Input File retrieved.
5/19/2022 8:37:43 AM	[Information]	Validate input file: Company_TimeTracker.xlsx
5/19/2022 8:37:44 AM	[Error]	Input file is invalid:- file is broken
                                        - file does not contain data after header (on all tabs)
                                        - file does not contain header (on all tabs)
                                        - all tabs are locked
                                        - file is password protected. Terminating the process.
5/19/2022 8:40:40 AM	[Information]	Execution has been started.
5/19/2022 8:40:41 AM	[Information]	Search for new messages.
5/19/2022 8:40:41 AM	[Information]	Input File retrieved.
5/19/2022 8:40:47 AM	[Information]	Validate input file: Company_TimeTracker.xlsx
5/19/2022 8:41:18 AM	[Information]	Execution has been started.
5/19/2022 8:41:18 AM	[Information]	Search for new messages.
5/19/2022 8:41:18 AM	[Information]	Input File retrieved.
5/19/2022 8:41:18 AM	[Information]	Validate input file: Company_TimeTracker.xlsx
5/19/2022 8:50:35 AM	[Information]	Execution has been started.
5/19/2022 8:50:35 AM	[Information]	Search for new messages.
5/19/2022 8:50:35 AM	[Information]	Input File retrieved.
5/19/2022 8:50:35 AM	[Information]	Validate input file: Company_TimeTracker.xlsx
5/19/2022 8:52:35 AM	[Information]	Execution has been started.
5/19/2022 8:52:35 AM	[Information]	Search for new messages.
5/19/2022 8:52:35 AM	[Information]	Input File retrieved.
5/19/2022 8:52:35 AM	[Information]	Validate input file: Company_TimeTracker.xlsx
5/19/2022 8:57:06 AM	[Information]	Execution has been started.
5/19/2022 8:57:06 AM	[Information]	Search for new messages.
5/19/2022 8:57:07 AM	[Information]	Input File retrieved.
5/19/2022 8:57:07 AM	[Information]	Validate input file: Company_TimeTracker.xlsx
5/19/2022 8:58:25 AM	[Information]	Execution has been started.
5/19/2022 8:58:25 AM	[Information]	Search for new messages.
5/19/2022 8:58:25 AM	[Information]	Input File retrieved.
5/19/2022 8:58:25 AM	[Information]	Validate input file: Company_TimeTracker.xlsx
5/19/2022 8:59:23 AM	[Information]	Found a required header
5/19/2022 10:29:09 AM	[Information]	Execution has been started.
5/19/2022 10:29:09 AM	[Information]	Search for new messages.
5/19/2022 10:29:10 AM	[Information]	Input File retrieved.
5/19/2022 10:29:10 AM	[Information]	Validate input file: Company_TimeTracker.xlsx
5/19/2022 10:29:10 AM	[Error]	Error while opening a file. Input file is invalid:- file is broken
                                        - file does not contain data after header (on all tabs)
                                        - file does not contain header (on all tabs)
                                        - all tabs are locked
                                        - file is password protected.
5/19/2022 10:29:46 AM	[Information]	Execution has been started.
5/19/2022 10:29:46 AM	[Information]	Search for new messages.
5/19/2022 10:29:47 AM	[Information]	Input File retrieved.
5/19/2022 10:29:55 AM	[Information]	Validate input file: Company_TimeTracker.xlsx
5/19/2022 10:30:39 AM	[Information]	Execution has been started.
5/19/2022 10:30:40 AM	[Information]	Search for new messages.
5/19/2022 10:30:40 AM	[Information]	Input File retrieved.
5/19/2022 10:30:44 AM	[Information]	Validate input file: Company_TimeTracker.xlsx
5/19/2022 10:31:26 AM	[Information]	Successfully found required headers.
5/19/2022 11:19:22 AM	[Information]	Execution has been started.
5/19/2022 11:19:22 AM	[Information]	Search for new messages.
5/19/2022 11:19:22 AM	[Information]	Input File retrieved.
5/19/2022 11:19:28 AM	[Information]	Validate input file: Company_TimeTracker.xlsx
5/19/2022 11:19:53 AM	[Information]	Successfully found required headers.
5/19/2022 11:22:49 AM	[Information]	Input file was validated successfully. Start processing rows.
5/19/2022 11:24:51 AM	[Information]	Execution has been started.
5/19/2022 11:24:51 AM	[Information]	Search for new messages.
5/19/2022 11:24:52 AM	[Information]	Input File retrieved.
5/19/2022 11:24:52 AM	[Information]	Validate input file: Company_TimeTracker.xlsx
5/19/2022 11:24:56 AM	[Information]	Successfully found required headers.
5/19/2022 12:59:24 PM	[Information]	Execution has been started.
5/19/2022 12:59:24 PM	[Information]	Search for new messages.
5/19/2022 12:59:24 PM	[Information]	Input File retrieved.
5/19/2022 12:59:24 PM	[Information]	Validate input file: Company_TimeTracker.xlsx
5/19/2022 12:59:26 PM	[Information]	Successfully found required headers.
5/19/2022 12:59:26 PM	[Information]	Extracting data from inpute file has been started.
5/19/2022 12:59:26 PM	[Information]	Data has been extracted successfully.
5/19/2022 12:59:26 PM	[Information]	Input file was validated successfully. Data has been recieved.
5/19/2022 1:00:22 PM	[Information]	Execution has been started.
5/19/2022 1:00:22 PM	[Information]	Search for new messages.
5/19/2022 1:00:22 PM	[Information]	Input File retrieved.
5/19/2022 1:00:22 PM	[Information]	Validate input file: Company_TimeTracker.xlsx
5/19/2022 1:00:23 PM	[Information]	Successfully found required headers.
5/19/2022 1:00:23 PM	[Information]	Extracting data from inpute file has been started.
5/19/2022 1:00:23 PM	[Information]	Data has been extracted successfully.
5/19/2022 1:00:23 PM	[Information]	Input file was validated successfully. Data has been recieved.
5/19/2022 1:01:21 PM	[Information]	Execution has been started.
5/19/2022 1:01:21 PM	[Information]	Search for new messages.
5/19/2022 1:01:21 PM	[Information]	Input File retrieved.
5/19/2022 1:01:21 PM	[Information]	Validate input file: Company_TimeTracker.xlsx
5/19/2022 1:01:22 PM	[Information]	Successfully found required headers.
5/19/2022 1:01:22 PM	[Information]	Extracting data from inpute file has been started.
5/19/2022 1:01:22 PM	[Information]	Data has been extracted successfully.
5/19/2022 1:01:22 PM	[Information]	Input file was validated successfully. Data has been recieved.
5/19/2022 1:01:30 PM	[Information]	Start processing input data.
5/19/2022 1:02:48 PM	[Information]	Execution has been started.
5/19/2022 1:02:48 PM	[Information]	Search for new messages.
5/19/2022 1:02:48 PM	[Information]	Input File retrieved.
5/19/2022 1:02:48 PM	[Information]	Validate input file: Company_TimeTracker.xlsx
5/19/2022 1:02:49 PM	[Error]	Error while opening a file. Input file is invalid:- file is broken
                                        - file does not contain data after header (on all tabs)
                                        - file does not contain header (on all tabs)
                                        - all tabs are locked
                                        - file is password protected.
5/19/2022 1:02:49 PM	[Information]	Start sending message to Outlook. Letter Template is : 1.
5/19/2022 1:02:49 PM	[Information]	Processing completed. Please navigate to file attachment for review.
5/19/2022 1:03:14 PM	[Information]	Execution has been started.
5/19/2022 1:03:14 PM	[Information]	Search for new messages.
5/19/2022 1:03:14 PM	[Information]	Input File retrieved.
5/19/2022 1:03:14 PM	[Information]	Validate input file: Company_TimeTracker.xlsx
5/19/2022 1:03:14 PM	[Information]	Successfully found required headers.
5/19/2022 1:03:14 PM	[Information]	Extracting data from inpute file has been started.
5/19/2022 1:03:15 PM	[Information]	Data has been extracted successfully.
5/19/2022 1:03:15 PM	[Information]	Input file was validated successfully. Data has been recieved.
5/19/2022 1:03:15 PM	[Information]	Start processing input data.
5/19/2022 1:44:57 PM	[Information]	Execution has been started.
5/19/2022 1:44:57 PM	[Information]	Search for new messages.
5/19/2022 1:44:57 PM	[Information]	Input File retrieved.
5/19/2022 1:44:57 PM	[Information]	Validate input file: Company_TimeTracker.xlsx
5/19/2022 1:44:58 PM	[Information]	Successfully found required headers.
5/19/2022 1:44:58 PM	[Information]	Extracting data from inpute file has been started.
5/19/2022 1:44:58 PM	[Information]	Data has been extracted successfully.
5/19/2022 1:44:58 PM	[Information]	Input file was validated successfully. Data has been recieved.
5/19/2022 1:44:58 PM	[Information]	Start processing input data.
5/19/2022 1:51:34 PM	[Information]	Execution has been started.
5/19/2022 1:51:34 PM	[Information]	Search for new messages.
5/19/2022 1:51:34 PM	[Information]	Input File retrieved.
5/19/2022 1:51:34 PM	[Information]	Validate input file: Company_TimeTracker.xlsx
5/19/2022 1:51:35 PM	[Information]	Successfully found required headers.
5/19/2022 1:51:35 PM	[Information]	Extracting data from inpute file has been started.
5/19/2022 1:51:35 PM	[Information]	Data has been extracted successfully.
5/19/2022 1:51:35 PM	[Information]	Input file was validated successfully. Data has been recieved.
5/19/2022 1:51:35 PM	[Information]	Start processing input data.
5/19/2022 3:21:21 PM	[Information]	Execution has been started.
5/19/2022 3:21:21 PM	[Information]	Search for new messages.
5/19/2022 3:21:22 PM	[Information]	Input File retrieved.
5/19/2022 3:21:22 PM	[Information]	Validate input file: Company_TimeTracker.xlsx
5/19/2022 3:21:23 PM	[Information]	Successfully found required headers.
5/19/2022 3:21:23 PM	[Information]	Extracting data from inpute file has been started.
5/19/2022 3:21:23 PM	[Information]	Data has been extracted successfully.
5/19/2022 3:21:23 PM	[Information]	Input file was validated successfully. Data has been recieved.
5/19/2022 3:21:23 PM	[Information]	Start processing input data.
5/19/2022 3:22:56 PM	[Information]	Execution has been started.
5/19/2022 3:22:56 PM	[Information]	Search for new messages.
5/19/2022 3:22:56 PM	[Information]	Input File retrieved.
5/19/2022 3:22:56 PM	[Information]	Validate input file: Company_TimeTracker.xlsx
5/19/2022 3:22:56 PM	[Information]	Successfully found required headers.
5/19/2022 3:22:56 PM	[Information]	Extracting data from inpute file has been started.
5/19/2022 3:22:56 PM	[Information]	Data has been extracted successfully.
5/19/2022 3:22:56 PM	[Information]	Input file was validated successfully. Data has been recieved.
5/19/2022 3:22:56 PM	[Information]	Start processing input data.
5/19/2022 3:22:56 PM	[Information]	Start sending message to Outlook. Letter Template is : .
5/19/2022 3:22:56 PM	[Error]	Unknown letter templatep. Email has not been send.
5/19/2022 3:23:53 PM	[Information]	Execution has been started.
5/19/2022 3:23:53 PM	[Information]	Search for new messages.
5/19/2022 3:23:53 PM	[Information]	Input File retrieved.
5/19/2022 3:23:53 PM	[Information]	Validate input file: Company_TimeTracker.xlsx
5/19/2022 3:23:54 PM	[Information]	Successfully found required headers.
5/19/2022 3:23:54 PM	[Information]	Extracting data from inpute file has been started.
5/19/2022 3:23:54 PM	[Information]	Data has been extracted successfully.
5/19/2022 3:23:54 PM	[Information]	Input file was validated successfully. Data has been recieved.
5/19/2022 3:23:54 PM	[Information]	Start processing input data.
5/19/2022 3:23:54 PM	[Information]	Start sending message to Outlook. Letter Template is : 4.
5/19/2022 3:23:54 PM	[Information]	Processing completed.
