5/20/2022 6:00:22 AM	[Information]	Execution has been started.
5/20/2022 6:00:22 AM	[Information]	Search for new messages.
5/20/2022 6:00:23 AM	[Information]	Input File retrieved.
5/20/2022 6:00:23 AM	[Information]	Validate input file: Company_TimeTracker.xlsx
5/20/2022 6:00:24 AM	[Information]	Successfully found required headers.
5/20/2022 6:00:24 AM	[Information]	Extracting data from inpute file has been started.
5/20/2022 6:00:24 AM	[Information]	Data has been extracted successfully.
5/20/2022 6:00:24 AM	[Information]	Input file was validated successfully. Data has been recieved.
5/20/2022 6:00:24 AM	[Information]	Start processing input data.
5/20/2022 6:00:24 AM	[Information]	Start sending message to Outlook. Letter Template is : 4.
5/20/2022 6:00:24 AM	[Information]	Processing completed.
5/20/2022 6:04:03 AM	[Information]	Execution has been started.
5/20/2022 6:04:03 AM	[Information]	Search for new messages.
5/20/2022 6:04:03 AM	[Information]	Input File retrieved.
5/20/2022 6:04:03 AM	[Information]	Validate input file: Company_TimeTracker.xlsx
5/20/2022 6:04:04 AM	[Information]	Successfully found required headers.
5/20/2022 6:04:04 AM	[Information]	Extracting data from inpute file has been started.
5/20/2022 6:04:04 AM	[Information]	Data has been extracted successfully.
5/20/2022 6:04:04 AM	[Information]	Input file was validated successfully. Data has been recieved.
5/20/2022 6:04:04 AM	[Information]	Start processing input data.
5/20/2022 6:04:04 AM	[Information]	Start sending message to Outlook. Letter Template is : 4.
5/20/2022 6:04:04 AM	[Information]	Processing completed.
5/20/2022 6:09:16 AM	[Information]	Execution has been started.
5/20/2022 6:09:16 AM	[Information]	Search for new messages.
5/20/2022 6:09:16 AM	[Information]	Input File retrieved.
5/20/2022 6:09:16 AM	[Information]	Validate input file: Company_TimeTracker.xlsx
5/20/2022 6:09:17 AM	[Information]	Successfully found required headers.
5/20/2022 6:09:17 AM	[Information]	Extracting data from inpute file has been started.
5/20/2022 6:09:17 AM	[Information]	Data has been extracted successfully.
5/20/2022 6:09:17 AM	[Information]	Input file was validated successfully. Data has been recieved.
5/20/2022 6:09:17 AM	[Information]	Start processing input data.
5/20/2022 6:09:17 AM	[Information]	Start sending message to Outlook. Letter Template is : 4.
5/20/2022 6:09:17 AM	[Information]	Processing completed.
5/20/2022 6:15:28 AM	[Information]	Execution has been started.
5/20/2022 6:15:28 AM	[Information]	Search for new messages.
5/20/2022 6:15:28 AM	[Information]	Input File retrieved.
5/20/2022 6:15:28 AM	[Information]	Validate input file: Company_TimeTracker.xlsx
5/20/2022 6:15:29 AM	[Information]	Successfully found required headers.
5/20/2022 6:15:29 AM	[Information]	Extracting data from inpute file has been started.
5/20/2022 6:15:29 AM	[Information]	Data has been extracted successfully.
5/20/2022 6:15:29 AM	[Information]	Input file was validated successfully. Data has been recieved.
5/20/2022 6:15:29 AM	[Information]	Start processing input data.
5/20/2022 6:15:29 AM	[Information]	Start sending message to Outlook. Letter Template is : 4.
5/20/2022 6:15:29 AM	[Information]	Processing completed.
5/20/2022 6:16:26 AM	[Information]	Execution has been started.
5/20/2022 6:16:26 AM	[Information]	Search for new messages.
5/20/2022 6:16:26 AM	[Information]	Input File retrieved.
5/20/2022 6:16:26 AM	[Information]	Validate input file: Company_TimeTracker.xlsx
5/20/2022 6:16:27 AM	[Information]	Successfully found required headers.
5/20/2022 6:16:27 AM	[Information]	Extracting data from inpute file has been started.
5/20/2022 6:16:27 AM	[Information]	Data has been extracted successfully.
5/20/2022 6:16:27 AM	[Information]	Input file was validated successfully. Data has been recieved.
5/20/2022 6:16:27 AM	[Information]	Start processing input data.
5/20/2022 6:16:27 AM	[Information]	Start sending message to Outlook. Letter Template is : 4.
5/20/2022 6:16:27 AM	[Information]	Processing completed.
5/20/2022 6:17:57 AM	[Information]	Execution has been started.
5/20/2022 6:17:57 AM	[Information]	Search for new messages.
5/20/2022 6:17:57 AM	[Information]	Input File retrieved.
5/20/2022 6:17:57 AM	[Information]	Validate input file: Company_TimeTracker.xlsx
5/20/2022 6:17:58 AM	[Information]	Successfully found required headers.
5/20/2022 6:17:58 AM	[Information]	Extracting data from inpute file has been started.
5/20/2022 6:17:58 AM	[Information]	Data has been extracted successfully.
5/20/2022 6:17:58 AM	[Information]	Input file was validated successfully. Data has been recieved.
5/20/2022 6:17:58 AM	[Information]	Start processing input data.
5/20/2022 6:17:58 AM	[Information]	Start sending message to Outlook. Letter Template is : 4.
5/20/2022 6:17:58 AM	[Information]	Processing completed.
5/20/2022 6:20:11 AM	[Information]	Execution has been started.
5/20/2022 6:20:11 AM	[Information]	Search for new messages.
5/20/2022 6:20:11 AM	[Information]	Input File retrieved.
5/20/2022 6:20:11 AM	[Information]	Validate input file: Company_TimeTracker.xlsx
5/20/2022 6:20:12 AM	[Information]	Successfully found required headers.
5/20/2022 6:20:12 AM	[Information]	Extracting data from inpute file has been started.
5/20/2022 6:20:12 AM	[Information]	Data has been extracted successfully.
5/20/2022 6:20:12 AM	[Information]	Input file was validated successfully. Data has been recieved.
5/20/2022 6:20:12 AM	[Information]	Start processing input data.
5/20/2022 6:20:12 AM	[Information]	Start sending message to Outlook. Letter Template is : 4.
5/20/2022 6:20:12 AM	[Information]	Processing completed.
5/20/2022 6:29:48 AM	[Information]	Execution has been started.
5/20/2022 6:29:48 AM	[Information]	Search for new messages.
5/20/2022 6:29:48 AM	[Information]	Input File retrieved.
5/20/2022 6:29:48 AM	[Information]	Validate input file: Company_TimeTracker.xlsx
5/20/2022 6:29:49 AM	[Information]	Successfully found required headers.
5/20/2022 6:29:49 AM	[Information]	Extracting data from inpute file has been started.
5/20/2022 6:29:49 AM	[Information]	Data has been extracted successfully.
5/20/2022 6:29:49 AM	[Information]	Input file was validated successfully. Data has been recieved.
5/20/2022 6:29:49 AM	[Information]	Start processing input data.
5/20/2022 6:29:49 AM	[Information]	Input data has been processed successfully.
5/20/2022 6:29:49 AM	[Information]	Start sending message to Outlook. Letter Template is : 4.
5/20/2022 6:29:49 AM	[Information]	Successfully send letter of template 4.
5/20/2022 6:29:49 AM	[Information]	Execution has been completed.
